[  416534ms] TypeError: Cannot read properties of undefined (reading 'toLocaleString')
    at GridTable (http://localhost:3000/_next/static/chunks/src_components_grid_fe0f41b2._.js?id=%255Bproject%255D%252Fsrc%252Fcomponents%252Fgrid%252FGridTable.tsx+%255Bapp-client%255D+%2528ecmascript%2529:306:39)
    at Object.react_stack_bottom_frame (http://localhost:3000/_next/static/chunks/node_modules_next_dist_compiled_react-dom_1e674e59._.js:13072:24)
    at renderWithHooks (http://localhost:3000/_next/static/chunks/node_modules_next_dist_compiled_react-dom_1e674e59._.js:4091:24)
    at updateFunctionComponent (http://localhost:3000/_next/static/chunks/node_modules_next_dist_compiled_react-dom_1e674e59._.js:5523:21)
    at updateSimpleMemoComponent (http://localhost:3000/_next/static/chunks/node_modules_next_dist_compiled_react-dom_1e674e59._.js:5379:16)
    at beginWork (http://localhost:3000/_next/static/chunks/node_modules_next_dist_compiled_react-dom_1e674e59._.js:6200:24)
    at runWithFiberInDEV (http://localhost:3000/_next/static/chunks/node_modules_next_dist_compiled_react-dom_1e674e59._.js:886:74)
    at performUnitOfWork (http://localhost:3000/_next/static/chunks/node_modules_next_dist_compiled_react-dom_1e674e59._.js:8298:97)
    at workLoopSync (http://localhost:3000/_next/static/chunks/node_modules_next_dist_compiled_react-dom_1e674e59._.js:8190:40)
    at renderRootSync (http://localhost:3000/_next/static/chunks/node_modules_next_dist_compiled_react-dom_1e674e59._.js:8173:13)
    at performWorkOnRoot (http://localhost:3000/_next/static/chunks/node_modules_next_dist_compiled_react-dom_1e674e59._.js:7932:56)
    at performSyncWorkOnRoot (http://localhost:3000/_next/static/chunks/node_modules_next_dist_compiled_react-dom_1e674e59._.js:8890:9)
    at flushSyncWorkAcrossRoots_impl (http://localhost:3000/_next/static/chunks/node_modules_next_dist_compiled_react-dom_1e674e59._.js:8809:316)
    at flushSyncWork$1 (http://localhost:3000/_next/static/chunks/node_modules_next_dist_compiled_react-dom_1e674e59._.js:8048:86)
    at Object.scheduleRefresh (http://localhost:3000/_next/static/chunks/node_modules_next_dist_compiled_react-dom_1e674e59._.js:294:13)
    at http://localhost:3000/_next/static/chunks/node_modules_next_dist_compiled_5150ccfd._.js:391:33
    at Set.forEach (<anonymous>)
    at Object.performReactRefresh (http://localhost:3000/_next/static/chunks/node_modules_next_dist_compiled_5150ccfd._.js:384:38)
    at applyUpdate (http://localhost:3000/_next/static/chunks/node_modules_next_dist_compiled_5150ccfd._.js:878:31)
    at http://localhost:3000/_next/static/chunks/node_modules_next_dist_compiled_5150ccfd._.js:886:13
[  425728ms] [WARNING] [Fast Refresh] performing full reload because your application had an unrecoverable error @ http://localhost:3000/_next/static/chunks/node_modules_next_dist_client_cf1d9188._.js:6282
[  428940ms] [ERROR] %c << query #1 %cbase.getById%c %O 
    background-color: #3fb0d8;
    color: white;
    padding: 2px;
   
    background-color: #3fb0d8;
    color: white;
    padding: 2px;
  ; font-weight: bold; 
    background-color: #3fb0d8;
    color: white;
    padding: 2px;
  ; font-weight: normal; {input: Object, result: TRPCClientError: Failed to fetch
    at TRPCClientError.from (http://localhost:3000/_next/static/ch…, elapsedMs: 3169, context: Object} @ http://localhost:3000/_next/static/chunks/node_modules_next_dist_b0daae9a._.js:2359
[  428940ms] [ERROR] %c << query #2 %ctable.getByBaseId%c %O 
    background-color: #3fb0d8;
    color: white;
    padding: 2px;
   
    background-color: #3fb0d8;
    color: white;
    padding: 2px;
  ; font-weight: bold; 
    background-color: #3fb0d8;
    color: white;
    padding: 2px;
  ; font-weight: normal; {input: Object, result: TRPCClientError: Failed to fetch
    at TRPCClientError.from (http://localhost:3000/_next/static/ch…, elapsedMs: 3169, context: Object} @ http://localhost:3000/_next/static/chunks/node_modules_next_dist_b0daae9a._.js:2359
[  428940ms] [ERROR] %c << query #3 %cview.getByTableId%c %O 
    background-color: #3fb0d8;
    color: white;
    padding: 2px;
   
    background-color: #3fb0d8;
    color: white;
    padding: 2px;
  ; font-weight: bold; 
    background-color: #3fb0d8;
    color: white;
    padding: 2px;
  ; font-weight: normal; {input: Object, result: TRPCClientError: Failed to fetch
    at TRPCClientError.from (http://localhost:3000/_next/static/ch…, elapsedMs: 3169, context: Object} @ http://localhost:3000/_next/static/chunks/node_modules_next_dist_b0daae9a._.js:2359
[  428941ms] [ERROR] %c << query #4 %ccolumn.getByTableId%c %O 
    background-color: #3fb0d8;
    color: white;
    padding: 2px;
   
    background-color: #3fb0d8;
    color: white;
    padding: 2px;
  ; font-weight: bold; 
    background-color: #3fb0d8;
    color: white;
    padding: 2px;
  ; font-weight: normal; {input: Object, result: TRPCClientError: Failed to fetch
    at TRPCClientError.from (http://localhost:3000/_next/static/ch…, elapsedMs: 3168, context: Object} @ http://localhost:3000/_next/static/chunks/node_modules_next_dist_b0daae9a._.js:2359
[  428941ms] [ERROR] %c << query #5 %crow.getRows%c %O 
    background-color: #3fb0d8;
    color: white;
    padding: 2px;
   
    background-color: #3fb0d8;
    color: white;
    padding: 2px;
  ; font-weight: bold; 
    background-color: #3fb0d8;
    color: white;
    padding: 2px;
  ; font-weight: normal; {input: Object, result: TRPCClientError: Failed to fetch
    at TRPCClientError.from (http://localhost:3000/_next/static/ch…, elapsedMs: 3167, context: Object} @ http://localhost:3000/_next/static/chunks/node_modules_next_dist_b0daae9a._.js:2359
