[     955ms] [ERROR] Failed to load resource: the server responded with a status of 404 (Not Found) @ http://localhost:3000/favicon.ico:0
[  919690ms] [ERROR] %c << query #21 %ccolumn.getByTableId%c %O 
    background-color: #3fb0d8;
    color: white;
    padding: 2px;
   
    background-color: #3fb0d8;
    color: white;
    padding: 2px;
  ; font-weight: bold; 
    background-color: #3fb0d8;
    color: white;
    padding: 2px;
  ; font-weight: normal; {input: Object, result: TRPCClientError: column "is_primary" does not exist
    at TRPCClientError.from (webpack-internal:/…, elapsedMs: 2200, context: Object} @ webpack-internal:///(app-pages-browser)/./node_modules/next/dist/next-devtools/userspace/app/errors/intercept-console-error.js:56
[  921366ms] [ERROR] %c << query #23 %ccolumn.getByTableId%c %O 
    background-color: #3fb0d8;
    color: white;
    padding: 2px;
   
    background-color: #3fb0d8;
    color: white;
    padding: 2px;
  ; font-weight: bold; 
    background-color: #3fb0d8;
    color: white;
    padding: 2px;
  ; font-weight: normal; {input: Object, result: TRPCClientError: column "is_primary" does not exist
    at TRPCClientError.from (webpack-internal:/…, elapsedMs: 672, context: Object} @ webpack-internal:///(app-pages-browser)/./node_modules/next/dist/next-devtools/userspace/app/errors/intercept-console-error.js:56
[  925123ms] [ERROR] %c << query #24 %ccolumn.getByTableId%c %O 
    background-color: #3fb0d8;
    color: white;
    padding: 2px;
   
    background-color: #3fb0d8;
    color: white;
    padding: 2px;
  ; font-weight: bold; 
    background-color: #3fb0d8;
    color: white;
    padding: 2px;
  ; font-weight: normal; {input: Object, result: TRPCClientError: column "is_primary" does not exist
    at TRPCClientError.from (webpack-internal:/…, elapsedMs: 1751, context: Object} @ webpack-internal:///(app-pages-browser)/./node_modules/next/dist/next-devtools/userspace/app/errors/intercept-console-error.js:56
[  929867ms] [ERROR] %c << query #25 %ccolumn.getByTableId%c %O 
    background-color: #3fb0d8;
    color: white;
    padding: 2px;
   
    background-color: #3fb0d8;
    color: white;
    padding: 2px;
  ; font-weight: bold; 
    background-color: #3fb0d8;
    color: white;
    padding: 2px;
  ; font-weight: normal; {input: Object, result: TRPCClientError: column "is_primary" does not exist
    at TRPCClientError.from (webpack-internal:/…, elapsedMs: 743, context: Object} @ webpack-internal:///(app-pages-browser)/./node_modules/next/dist/next-devtools/userspace/app/errors/intercept-console-error.js:56
[  965751ms] [ERROR] %c << query #27 %ccolumn.getByTableId%c %O 
    background-color: #3fb0d8;
    color: white;
    padding: 2px;
   
    background-color: #3fb0d8;
    color: white;
    padding: 2px;
  ; font-weight: bold; 
    background-color: #3fb0d8;
    color: white;
    padding: 2px;
  ; font-weight: normal; {input: Object, result: TRPCClientError: column "is_primary" does not exist
    at TRPCClientError.from (webpack-internal:/…, elapsedMs: 1744, context: Object} @ webpack-internal:///(app-pages-browser)/./node_modules/next/dist/next-devtools/userspace/app/errors/intercept-console-error.js:56
[  967821ms] [ERROR] %c << query #30 %ccolumn.getByTableId%c %O 
    background-color: #3fb0d8;
    color: white;
    padding: 2px;
   
    background-color: #3fb0d8;
    color: white;
    padding: 2px;
  ; font-weight: bold; 
    background-color: #3fb0d8;
    color: white;
    padding: 2px;
  ; font-weight: normal; {input: Object, result: TRPCClientError: column "is_primary" does not exist
    at TRPCClientError.from (webpack-internal:/…, elapsedMs: 1064, context: Object} @ webpack-internal:///(app-pages-browser)/./node_modules/next/dist/next-devtools/userspace/app/errors/intercept-console-error.js:56
[  970489ms] [ERROR] %c << query #31 %ccolumn.getByTableId%c %O 
    background-color: #3fb0d8;
    color: white;
    padding: 2px;
   
    background-color: #3fb0d8;
    color: white;
    padding: 2px;
  ; font-weight: bold; 
    background-color: #3fb0d8;
    color: white;
    padding: 2px;
  ; font-weight: normal; {input: Object, result: TRPCClientError: column "is_primary" does not exist
    at TRPCClientError.from (webpack-internal:/…, elapsedMs: 654, context: Object} @ webpack-internal:///(app-pages-browser)/./node_modules/next/dist/next-devtools/userspace/app/errors/intercept-console-error.js:56
[  979013ms] [ERROR] %c << query #32 %ccolumn.getByTableId%c %O 
    background-color: #3fb0d8;
    color: white;
    padding: 2px;
   
    background-color: #3fb0d8;
    color: white;
    padding: 2px;
  ; font-weight: bold; 
    background-color: #3fb0d8;
    color: white;
    padding: 2px;
  ; font-weight: normal; {input: Object, result: TRPCClientError: column "is_primary" does not exist
    at TRPCClientError.from (webpack-internal:/…, elapsedMs: 4519, context: Object} @ webpack-internal:///(app-pages-browser)/./node_modules/next/dist/next-devtools/userspace/app/errors/intercept-console-error.js:56
[ 1001811ms] [ERROR] ./src/components/grid/GridTable.tsx
Error:   × Expected '</', got ')'
     ╭─[E:\websites\airtable clone\src\components\grid\GridTable.tsx:136:1]
 133 │                           }}
 134 │                         />
 135 │                       </td>
 136 │                     ))}
     ·                      ─
 137 │                   </tr>
 138 │                 );
 139 │               }
     ╰────

Caused by:
    Syntax Error

Import trace for requested module:
./src/components/grid/GridTable.tsx
./src/components/grid/GridView.tsx @ webpack-internal:///(app-pages-browser)/./node_modules/next/dist/next-devtools/userspace/app/errors/intercept-console-error.js:56
[ 1008631ms] [ERROR] ./src/components/grid/GridTable.tsx
Error:   × Expected '</', got ')'
     ╭─[E:\websites\airtable clone\src\components\grid\GridTable.tsx:136:1]
 133 │                           }}
 134 │                         />
 135 │                       </td>
 136 │                     ))}
     ·                      ─
 137 │                   </tr>
 138 │                 );
 139 │               }
     ╰────

Caused by:
    Syntax Error

Import trace for requested module:
./src/components/grid/GridTable.tsx
./src/components/grid/GridView.tsx @ webpack-internal:///(app-pages-browser)/./node_modules/next/dist/next-devtools/userspace/app/errors/intercept-console-error.js:56
[ 1013906ms] [ERROR] Failed to load resource: the server responded with a status of 500 (Internal Server Error) @ http://localhost:3000/base/256e2d09-6689-4977-b88f-7fab6f06b609/6c7f8926-02a2-4a1f-a8fb-5f6404c588c3/view/ffd12544-4aa8-46b4-8536-98620a7697f9?_rsc=1klzo:0
[ 1018535ms] [ERROR] %c << query #4 %ccolumn.getByTableId%c %O 
    background-color: #3fb0d8;
    color: white;
    padding: 2px;
   
    background-color: #3fb0d8;
    color: white;
    padding: 2px;
  ; font-weight: bold; 
    background-color: #3fb0d8;
    color: white;
    padding: 2px;
  ; font-weight: normal; {input: Object, result: TRPCClientError: column "is_primary" does not exist
    at TRPCClientError.from (webpack-internal:/…, elapsedMs: 1997, context: Object} @ webpack-internal:///(app-pages-browser)/./node_modules/next/dist/next-devtools/userspace/app/errors/intercept-console-error.js:56
[ 1020114ms] [ERROR] %c << query #7 %ccolumn.getByTableId%c %O 
    background-color: #3fb0d8;
    color: white;
    padding: 2px;
   
    background-color: #3fb0d8;
    color: white;
    padding: 2px;
  ; font-weight: bold; 
    background-color: #3fb0d8;
    color: white;
    padding: 2px;
  ; font-weight: normal; {input: Object, result: TRPCClientError: column "is_primary" does not exist
    at TRPCClientError.from (webpack-internal:/…, elapsedMs: 576, context: Object} @ webpack-internal:///(app-pages-browser)/./node_modules/next/dist/next-devtools/userspace/app/errors/intercept-console-error.js:56
[ 1022857ms] [ERROR] %c << query #8 %ccolumn.getByTableId%c %O 
    background-color: #3fb0d8;
    color: white;
    padding: 2px;
   
    background-color: #3fb0d8;
    color: white;
    padding: 2px;
  ; font-weight: bold; 
    background-color: #3fb0d8;
    color: white;
    padding: 2px;
  ; font-weight: normal; {input: Object, result: TRPCClientError: column "is_primary" does not exist
    at TRPCClientError.from (webpack-internal:/…, elapsedMs: 733, context: Object} @ webpack-internal:///(app-pages-browser)/./node_modules/next/dist/next-devtools/userspace/app/errors/intercept-console-error.js:56
[ 1025317ms] [ERROR] ./src/components/grid/GridTable.tsx
Error:   × Expected '</', got ')'
     ╭─[E:\websites\airtable clone\src\components\grid\GridTable.tsx:226:1]
 223 │               style={{ width: w, minWidth: w }}
 224 │               className="h-full border-r border-[#e2e0ea]"
 225 │             />
 226 │           ))}
     ·            ─
 227 │         </div>
 228 │       </div>
     ╰────

Caused by:
    Syntax Error

Import trace for requested module:
./src/components/grid/GridTable.tsx
./src/components/grid/GridView.tsx @ webpack-internal:///(app-pages-browser)/./node_modules/next/dist/next-devtools/userspace/app/errors/intercept-console-error.js:56
[ 1025551ms] [ERROR] Failed to load resource: the server responded with a status of 500 (Internal Server Error) @ http://localhost:3000/base/256e2d09-6689-4977-b88f-7fab6f06b609/6c7f8926-02a2-4a1f-a8fb-5f6404c588c3/view/ffd12544-4aa8-46b4-8536-98620a7697f9?_rsc=1voc0:0
[ 1025603ms] [ERROR] Failed to load resource: the server responded with a status of 500 (Internal Server Error) @ http://localhost:3000/base/256e2d09-6689-4977-b88f-7fab6f06b609/6c7f8926-02a2-4a1f-a8fb-5f6404c588c3/view/ffd12544-4aa8-46b4-8536-98620a7697f9:0
[ 1026049ms] ModuleBuildError: Module build failed (from ./node_modules/next/dist/build/webpack/loaders/next-swc-loader.js):
Error:   × Expected '</', got ')'
     ╭─[E:\websites\airtable clone\src\components\grid\GridTable.tsx:226:1]
 223 │               style={{ width: w, minWidth: w }}
 224 │               className="h-full border-r border-[#e2e0ea]"
 225 │             />
 226 │           ))}
     ·            ─
 227 │         </div>
 228 │       </div>
     ╰────


Caused by:
    Syntax Error
    at processResult (file://E:\websites\airtable clone\node_modules\next\dist\compiled\webpack\bundle5.js:29:407086)
    at <unknown> (file://E:\websites\airtable clone\node_modules\next\dist\compiled\webpack\bundle5.js:29:408881)
    at <unknown> (file://E:\websites\airtable clone\node_modules\next\dist\compiled\loader-runner\LoaderRunner.js:1:8645)
    at <unknown> (file://E:\websites\airtable clone\node_modules\next\dist\compiled\loader-runner\LoaderRunner.js:1:5019)
    at r.callback (file://E:\websites\airtable clone\node_modules\next\dist\compiled\loader-runner\LoaderRunner.js:1:4039)
[ 1026051ms] [ERROR] ./src/components/grid/GridTable.tsx
Error:   × Expected '</', got ')'
     ╭─[E:\websites\airtable clone\src\components\grid\GridTable.tsx:226:1]
 223 │               style={{ width: w, minWidth: w }}
 224 │               className="h-full border-r border-[#e2e0ea]"
 225 │             />
 226 │           ))}
     ·            ─
 227 │         </div>
 228 │       </div>
     ╰────

Caused by:
    Syntax Error @ webpack-internal:///(pages-dir-browser)/./node_modules/next/dist/next-devtools/userspace/pages/pages-dev-overlay-setup.js:76
[ 1026114ms] [ERROR] ./src/components/grid/GridTable.tsx
Error:   × Expected '</', got ')'
     ╭─[E:\websites\airtable clone\src\components\grid\GridTable.tsx:226:1]
 223 │               style={{ width: w, minWidth: w }}
 224 │               className="h-full border-r border-[#e2e0ea]"
 225 │             />
 226 │           ))}
     ·            ─
 227 │         </div>
 228 │       </div>
     ╰────

Caused by:
    Syntax Error @ webpack-internal:///(pages-dir-browser)/./node_modules/next/dist/next-devtools/userspace/pages/pages-dev-overlay-setup.js:76
[ 1032438ms] [ERROR] ./src/components/grid/GridTable.tsx
Error:   × Expected '</', got ')'
     ╭─[E:\websites\airtable clone\src\components\grid\GridTable.tsx:226:1]
 223 │               style={{ width: w, minWidth: w }}
 224 │               className="h-full border-r border-[#e2e0ea]"
 225 │             />
 226 │           ))}
     ·            ─
 227 │         </div>
 228 │       </div>
     ╰────

Caused by:
    Syntax Error

Import trace for requested module:
./src/components/grid/GridTable.tsx
./src/components/grid/GridView.tsx @ webpack-internal:///(pages-dir-browser)/./node_modules/next/dist/next-devtools/userspace/pages/pages-dev-overlay-setup.js:76
[ 1032492ms] [ERROR] ./src/components/grid/GridTable.tsx
Error:   × Expected '</', got ')'
     ╭─[E:\websites\airtable clone\src\components\grid\GridTable.tsx:226:1]
 223 │               style={{ width: w, minWidth: w }}
 224 │               className="h-full border-r border-[#e2e0ea]"
 225 │             />
 226 │           ))}
     ·            ─
 227 │         </div>
 228 │       </div>
     ╰────

Caused by:
    Syntax Error

Import trace for requested module:
./src/components/grid/GridTable.tsx
./src/components/grid/GridView.tsx @ webpack-internal:///(pages-dir-browser)/./node_modules/next/dist/next-devtools/userspace/pages/pages-dev-overlay-setup.js:76
[ 1033272ms] [ERROR] Failed to load resource: the server responded with a status of 404 (Not Found) @ http://localhost:3000/_next/static/webpack/edb5849d53c81e69.webpack.hot-update.json:0
[ 1033272ms] [WARNING] [Fast Refresh] performing full reload because your application had an unrecoverable error @ webpack-internal:///(pages-dir-browser)/./node_modules/next/dist/client/dev/hot-reloader/pages/hot-reloader-pages.js:347
[ 1035547ms] [ERROR] %c << query #4 %ccolumn.getByTableId%c %O 
    background-color: #3fb0d8;
    color: white;
    padding: 2px;
   
    background-color: #3fb0d8;
    color: white;
    padding: 2px;
  ; font-weight: bold; 
    background-color: #3fb0d8;
    color: white;
    padding: 2px;
  ; font-weight: normal; {input: Object, result: TRPCClientError: column "is_primary" does not exist
    at TRPCClientError.from (webpack-internal:/…, elapsedMs: 645, context: Object} @ webpack-internal:///(app-pages-browser)/./node_modules/next/dist/next-devtools/userspace/app/errors/intercept-console-error.js:56
[ 1037163ms] [ERROR] %c << query #7 %ccolumn.getByTableId%c %O 
    background-color: #3fb0d8;
    color: white;
    padding: 2px;
   
    background-color: #3fb0d8;
    color: white;
    padding: 2px;
  ; font-weight: bold; 
    background-color: #3fb0d8;
    color: white;
    padding: 2px;
  ; font-weight: normal; {input: Object, result: TRPCClientError: column "is_primary" does not exist
    at TRPCClientError.from (webpack-internal:/…, elapsedMs: 606, context: Object} @ webpack-internal:///(app-pages-browser)/./node_modules/next/dist/next-devtools/userspace/app/errors/intercept-console-error.js:56
[ 1039993ms] [ERROR] %c << query #8 %ccolumn.getByTableId%c %O 
    background-color: #3fb0d8;
    color: white;
    padding: 2px;
   
    background-color: #3fb0d8;
    color: white;
    padding: 2px;
  ; font-weight: bold; 
    background-color: #3fb0d8;
    color: white;
    padding: 2px;
  ; font-weight: normal; {input: Object, result: TRPCClientError: column "is_primary" does not exist
    at TRPCClientError.from (webpack-internal:/…, elapsedMs: 820, context: Object} @ webpack-internal:///(app-pages-browser)/./node_modules/next/dist/next-devtools/userspace/app/errors/intercept-console-error.js:56
[ 1044803ms] [ERROR] %c << query #9 %ccolumn.getByTableId%c %O 
    background-color: #3fb0d8;
    color: white;
    padding: 2px;
   
    background-color: #3fb0d8;
    color: white;
    padding: 2px;
  ; font-weight: bold; 
    background-color: #3fb0d8;
    color: white;
    padding: 2px;
  ; font-weight: normal; {input: Object, result: TRPCClientError: column "is_primary" does not exist
    at TRPCClientError.from (webpack-internal:/…, elapsedMs: 793, context: Object} @ webpack-internal:///(app-pages-browser)/./node_modules/next/dist/next-devtools/userspace/app/errors/intercept-console-error.js:56
[ 1084124ms] [ERROR] %c << query #4 %ccolumn.getByTableId%c %O 
    background-color: #3fb0d8;
    color: white;
    padding: 2px;
   
    background-color: #3fb0d8;
    color: white;
    padding: 2px;
  ; font-weight: bold; 
    background-color: #3fb0d8;
    color: white;
    padding: 2px;
  ; font-weight: normal; {input: Object, result: TRPCClientError: column "is_primary" does not exist
    at TRPCClientError.from (webpack-internal:/…, elapsedMs: 631, context: Object} @ webpack-internal:///(app-pages-browser)/./node_modules/next/dist/next-devtools/userspace/app/errors/intercept-console-error.js:56
[ 1085681ms] [ERROR] %c << query #7 %ccolumn.getByTableId%c %O 
    background-color: #3fb0d8;
    color: white;
    padding: 2px;
   
    background-color: #3fb0d8;
    color: white;
    padding: 2px;
  ; font-weight: bold; 
    background-color: #3fb0d8;
    color: white;
    padding: 2px;
  ; font-weight: normal; {input: Object, result: TRPCClientError: column "is_primary" does not exist
    at TRPCClientError.from (webpack-internal:/…, elapsedMs: 541, context: Object} @ webpack-internal:///(app-pages-browser)/./node_modules/next/dist/next-devtools/userspace/app/errors/intercept-console-error.js:56
[ 1088588ms] [ERROR] %c << query #8 %ccolumn.getByTableId%c %O 
    background-color: #3fb0d8;
    color: white;
    padding: 2px;
   
    background-color: #3fb0d8;
    color: white;
    padding: 2px;
  ; font-weight: bold; 
    background-color: #3fb0d8;
    color: white;
    padding: 2px;
  ; font-weight: normal; {input: Object, result: TRPCClientError: column "is_primary" does not exist
    at TRPCClientError.from (webpack-internal:/…, elapsedMs: 897, context: Object} @ webpack-internal:///(app-pages-browser)/./node_modules/next/dist/next-devtools/userspace/app/errors/intercept-console-error.js:56
[ 1096168ms] [ERROR] %c << query #9 %ccolumn.getByTableId%c %O 
    background-color: #3fb0d8;
    color: white;
    padding: 2px;
   
    background-color: #3fb0d8;
    color: white;
    padding: 2px;
  ; font-weight: bold; 
    background-color: #3fb0d8;
    color: white;
    padding: 2px;
  ; font-weight: normal; {input: Object, result: TRPCClientError: column "is_primary" does not exist
    at TRPCClientError.from (webpack-internal:/…, elapsedMs: 510, context: Object} @ webpack-internal:///(app-pages-browser)/./node_modules/next/dist/next-devtools/userspace/app/errors/intercept-console-error.js:56
[ 1097788ms] [ERROR] %c << query #10 %ccolumn.getByTableId%c %O 
    background-color: #3fb0d8;
    color: white;
    padding: 2px;
   
    background-color: #3fb0d8;
    color: white;
    padding: 2px;
  ; font-weight: bold; 
    background-color: #3fb0d8;
    color: white;
    padding: 2px;
  ; font-weight: normal; {input: Object, result: TRPCClientError: column "is_primary" does not exist
    at TRPCClientError.from (webpack-internal:/…, elapsedMs: 607, context: Object} @ webpack-internal:///(app-pages-browser)/./node_modules/next/dist/next-devtools/userspace/app/errors/intercept-console-error.js:56
[ 1100494ms] [ERROR] %c << query #11 %ccolumn.getByTableId%c %O 
    background-color: #3fb0d8;
    color: white;
    padding: 2px;
   
    background-color: #3fb0d8;
    color: white;
    padding: 2px;
  ; font-weight: bold; 
    background-color: #3fb0d8;
    color: white;
    padding: 2px;
  ; font-weight: normal; {input: Object, result: TRPCClientError: column "is_primary" does not exist
    at TRPCClientError.from (webpack-internal:/…, elapsedMs: 703, context: Object} @ webpack-internal:///(app-pages-browser)/./node_modules/next/dist/next-devtools/userspace/app/errors/intercept-console-error.js:56
[ 1105323ms] [ERROR] %c << query #12 %ccolumn.getByTableId%c %O 
    background-color: #3fb0d8;
    color: white;
    padding: 2px;
   
    background-color: #3fb0d8;
    color: white;
    padding: 2px;
  ; font-weight: bold; 
    background-color: #3fb0d8;
    color: white;
    padding: 2px;
  ; font-weight: normal; {input: Object, result: TRPCClientError: column "is_primary" does not exist
    at TRPCClientError.from (webpack-internal:/…, elapsedMs: 828, context: Object} @ webpack-internal:///(app-pages-browser)/./node_modules/next/dist/next-devtools/userspace/app/errors/intercept-console-error.js:56
[ 2315921ms] [ERROR] Failed to load resource: the server responded with a status of 500 (Internal Server Error) @ http://localhost:3000/base/65fc55f0-b7ae-4bf8-b2ae-ccbb15c03566/aefff98f-1a76-41f2-8ff5-4d88ee0eb44c/view/8bedfb92-3624-46ee-9c8d-0cec98b03555?_rsc=1lbnn:0
[ 2316750ms] [ERROR] Failed to load resource: the server responded with a status of 500 (Internal Server Error) @ http://localhost:3000/base/65fc55f0-b7ae-4bf8-b2ae-ccbb15c03566/aefff98f-1a76-41f2-8ff5-4d88ee0eb44c/view/8bedfb92-3624-46ee-9c8d-0cec98b03555:0
