[    2327ms] [ERROR] A tree hydrated but some attributes of the server rendered HTML didn't match the client properties. This won't be patched up. This can happen if a SSR-ed Client Component used:

- A server/client branch `if (typeof window !== 'undefined')`.
- Variable input such as `Date.now()` or `Math.random()` which changes each time it's called.
- Date formatting in a user's locale which doesn't match the server.
- External changing data without sending a snapshot of it along with the HTML.
- Invalid HTML tag nesting.

It can also happen if the client has a browser extension installed which messes with the HTML before React loaded.

%s%s https://react.dev/link/hydration-mismatch 

  ...
    <RenderFromTemplateContext>
      <ScrollAndFocusHandler segmentPath={[...]}>
        <InnerScrollAndFocusHandler segmentPath={[...]} focusAndScrollRef={{apply:false, ...}}>
          <ErrorBoundary errorComponent={undefined} errorStyles={undefined} errorScripts={undefined}>
            <LoadingBoundary loading={null}>
              <HTTPAccessFallbackBoundary notFound={<SegmentViewNode>} forbidden={undefined} unauthorized={undefined}>
                <HTTPAccessFallbackErrorBoundary pathname="/base/1604..." notFound={<SegmentViewNode>} ...>
                  <RedirectBoundary>
                    <RedirectErrorBoundary router={{...}}>
                      <InnerLayoutRouter url="/base/1604..." tree={[...]} cacheNode={{lazyData:null, ...}} ...>
                        <SegmentViewNode type="layout" pagePath="(app)/layo...">
                          <SegmentTrieNode>
                          <script>
                          <script>
                          <script>
                          <AppLayout>
                            <AppShell user={{name:"Eden...", ...}}>
                              <div
+                               className="flex h-screen w-screen overflow-hidden bg-white"
-                               className="flex h-screen w-screen flex-col bg-white"
                              >
                                ...
                                  <div className="flex flex-...">
                                    <BaseTopBar>
                                    <TableTabBar baseId="160432e6-b...">
                                      <div className="flex h-[40..." style={{...}}>
                                        <div
+                                         className="flex flex-1 items-end overflow-hidden pl-2"
-                                         className="flex flex-1 items-end overflow-x-hidden pl-2"
                                        >
                                        ...
                                    ...
                      ...
          ...
 @ http://localhost:3000/_next/static/chunks/node_modules_next_dist_b0daae9a._.js:2359
