[   11455ms] [WARNING] Image with src "https://lh3.googleusercontent.com/a/ACg8ocKpWifSuRwqul9ys07TvKpk6nI1yX8o7q89Hwm5MSXvzGwKxUGhpg=s96-c" was detected as the Largest Contentful Paint (LCP). Please add the "priority" property if this image is above the fold.
Read more: https://nextjs.org/docs/api-reference/next/image#priority @ http://localhost:3000/_next/static/chunks/node_modules_next_dist_b0daae9a._.js:968
[  262298ms] TypeError: Cannot read properties of undefined (reading 'length')
    at accessRows (http://localhost:3000/_next/static/chunks/node_modules_%40tanstack_95b02b74._.js:3144:49)
    at http://localhost:3000/_next/static/chunks/node_modules_%40tanstack_95b02b74._.js:3171:29
    at Object._getCoreRowModel (http://localhost:3000/_next/static/chunks/node_modules_%40tanstack_95b02b74._.js:222:18)
    at Object.getCoreRowModel (http://localhost:3000/_next/static/chunks/node_modules_%40tanstack_95b02b74._.js:3028:26)
    at table.getPreFilteredRowModel (http://localhost:3000/_next/static/chunks/node_modules_%40tanstack_95b02b74._.js:962:50)
    at table.getFilteredRowModel (http://localhost:3000/_next/static/chunks/node_modules_%40tanstack_95b02b74._.js:968:30)
    at table.getPreGroupedRowModel (http://localhost:3000/_next/static/chunks/node_modules_%40tanstack_95b02b74._.js:1150:49)
    at table.getGroupedRowModel (http://localhost:3000/_next/static/chunks/node_modules_%40tanstack_95b02b74._.js:1156:30)
    at table.getPreSortedRowModel (http://localhost:3000/_next/static/chunks/node_modules_%40tanstack_95b02b74._.js:2913:48)
    at table.getSortedRowModel (http://localhost:3000/_next/static/chunks/node_modules_%40tanstack_95b02b74._.js:2919:30)
    at table.getPreExpandedRowModel (http://localhost:3000/_next/static/chunks/node_modules_%40tanstack_95b02b74._.js:1922:50)
    at table.getExpandedRowModel (http://localhost:3000/_next/static/chunks/node_modules_%40tanstack_95b02b74._.js:1928:30)
    at table.getPrePaginationRowModel (http://localhost:3000/_next/static/chunks/node_modules_%40tanstack_95b02b74._.js:2120:52)
    at table.getPaginationRowModel (http://localhost:3000/_next/static/chunks/node_modules_%40tanstack_95b02b74._.js:2126:30)
    at Object.getRowModel (http://localhost:3000/_next/static/chunks/node_modules_%40tanstack_95b02b74._.js:3033:26)
    at GridTable (http://localhost:3000/_next/static/chunks/src_components_grid_fe0f41b2._.js:1224:32)
    at Object.react_stack_bottom_frame (http://localhost:3000/_next/static/chunks/node_modules_next_dist_compiled_react-dom_1e674e59._.js:13072:24)
    at renderWithHooks (http://localhost:3000/_next/static/chunks/node_modules_next_dist_compiled_react-dom_1e674e59._.js:4091:24)
    at updateFunctionComponent (http://localhost:3000/_next/static/chunks/node_modules_next_dist_compiled_react-dom_1e674e59._.js:5523:21)
    at updateSimpleMemoComponent (http://localhost:3000/_next/static/chunks/node_modules_next_dist_compiled_react-dom_1e674e59._.js:5379:16)
    at updateMemoComponent (http://localhost:3000/_next/static/chunks/node_modules_next_dist_compiled_react-dom_1e674e59._.js:5354:302)
    at beginWork (http://localhost:3000/_next/static/chunks/node_modules_next_dist_compiled_react-dom_1e674e59._.js:6198:24)
    at runWithFiberInDEV (http://localhost:3000/_next/static/chunks/node_modules_next_dist_compiled_react-dom_1e674e59._.js:886:74)
    at performUnitOfWork (http://localhost:3000/_next/static/chunks/node_modules_next_dist_compiled_react-dom_1e674e59._.js:8298:97)
    at workLoopSync (http://localhost:3000/_next/static/chunks/node_modules_next_dist_compiled_react-dom_1e674e59._.js:8190:40)
    at renderRootSync (http://localhost:3000/_next/static/chunks/node_modules_next_dist_compiled_react-dom_1e674e59._.js:8173:13)
    at performWorkOnRoot (http://localhost:3000/_next/static/chunks/node_modules_next_dist_compiled_react-dom_1e674e59._.js:7932:56)
    at performSyncWorkOnRoot (http://localhost:3000/_next/static/chunks/node_modules_next_dist_compiled_react-dom_1e674e59._.js:8890:9)
    at flushSyncWorkAcrossRoots_impl (http://localhost:3000/_next/static/chunks/node_modules_next_dist_compiled_react-dom_1e674e59._.js:8809:316)
    at processRootScheduleInMicrotask (http://localhost:3000/_next/static/chunks/node_modules_next_dist_compiled_react-dom_1e674e59._.js:8829:106)
    at http://localhost:3000/_next/static/chunks/node_modules_next_dist_compiled_react-dom_1e674e59._.js:8901:158
[  282011ms] [WARNING] [Fast Refresh] performing full reload because your application had an unrecoverable error @ http://localhost:3000/_next/static/chunks/node_modules_next_dist_client_cf1d9188._.js:6282
[  282082ms] TypeError: Cannot read properties of undefined (reading 'length')
    at accessRows (http://localhost:3000/_next/static/chunks/node_modules_%40tanstack_95b02b74._.js:3144:49)
    at http://localhost:3000/_next/static/chunks/node_modules_%40tanstack_95b02b74._.js:3171:29
    at Object._getCoreRowModel (http://localhost:3000/_next/static/chunks/node_modules_%40tanstack_95b02b74._.js:222:18)
    at Object.getCoreRowModel (http://localhost:3000/_next/static/chunks/node_modules_%40tanstack_95b02b74._.js:3028:26)
    at table.getPreFilteredRowModel (http://localhost:3000/_next/static/chunks/node_modules_%40tanstack_95b02b74._.js:962:50)
    at table.getFilteredRowModel (http://localhost:3000/_next/static/chunks/node_modules_%40tanstack_95b02b74._.js:968:30)
    at table.getPreGroupedRowModel (http://localhost:3000/_next/static/chunks/node_modules_%40tanstack_95b02b74._.js:1150:49)
    at table.getGroupedRowModel (http://localhost:3000/_next/static/chunks/node_modules_%40tanstack_95b02b74._.js:1156:30)
    at table.getPreSortedRowModel (http://localhost:3000/_next/static/chunks/node_modules_%40tanstack_95b02b74._.js:2913:48)
    at table.getSortedRowModel (http://localhost:3000/_next/static/chunks/node_modules_%40tanstack_95b02b74._.js:2919:30)
    at table.getPreExpandedRowModel (http://localhost:3000/_next/static/chunks/node_modules_%40tanstack_95b02b74._.js:1922:50)
    at table.getExpandedRowModel (http://localhost:3000/_next/static/chunks/node_modules_%40tanstack_95b02b74._.js:1928:30)
    at table.getPrePaginationRowModel (http://localhost:3000/_next/static/chunks/node_modules_%40tanstack_95b02b74._.js:2120:52)
    at table.getPaginationRowModel (http://localhost:3000/_next/static/chunks/node_modules_%40tanstack_95b02b74._.js:2126:30)
    at Object.getRowModel (http://localhost:3000/_next/static/chunks/node_modules_%40tanstack_95b02b74._.js:3033:26)
    at GridTable (http://localhost:3000/_next/static/chunks/src_components_grid_fe0f41b2._.js:1224:32)
    at Object.react_stack_bottom_frame (http://localhost:3000/_next/static/chunks/node_modules_next_dist_compiled_react-dom_1e674e59._.js:13072:24)
    at renderWithHooks (http://localhost:3000/_next/static/chunks/node_modules_next_dist_compiled_react-dom_1e674e59._.js:4091:24)
    at updateFunctionComponent (http://localhost:3000/_next/static/chunks/node_modules_next_dist_compiled_react-dom_1e674e59._.js:5523:21)
    at updateSimpleMemoComponent (http://localhost:3000/_next/static/chunks/node_modules_next_dist_compiled_react-dom_1e674e59._.js:5379:16)
    at updateMemoComponent (http://localhost:3000/_next/static/chunks/node_modules_next_dist_compiled_react-dom_1e674e59._.js:5354:302)
    at beginWork (http://localhost:3000/_next/static/chunks/node_modules_next_dist_compiled_react-dom_1e674e59._.js:6198:24)
    at runWithFiberInDEV (http://localhost:3000/_next/static/chunks/node_modules_next_dist_compiled_react-dom_1e674e59._.js:886:74)
    at performUnitOfWork (http://localhost:3000/_next/static/chunks/node_modules_next_dist_compiled_react-dom_1e674e59._.js:8298:97)
    at workLoopSync (http://localhost:3000/_next/static/chunks/node_modules_next_dist_compiled_react-dom_1e674e59._.js:8190:40)
    at renderRootSync (http://localhost:3000/_next/static/chunks/node_modules_next_dist_compiled_react-dom_1e674e59._.js:8173:13)
    at performWorkOnRoot (http://localhost:3000/_next/static/chunks/node_modules_next_dist_compiled_react-dom_1e674e59._.js:7932:56)
    at performSyncWorkOnRoot (http://localhost:3000/_next/static/chunks/node_modules_next_dist_compiled_react-dom_1e674e59._.js:8890:9)
    at flushSyncWorkAcrossRoots_impl (http://localhost:3000/_next/static/chunks/node_modules_next_dist_compiled_react-dom_1e674e59._.js:8809:316)
    at flushSyncWork$1 (http://localhost:3000/_next/static/chunks/node_modules_next_dist_compiled_react-dom_1e674e59._.js:8048:86)
    at Object.scheduleRefresh (http://localhost:3000/_next/static/chunks/node_modules_next_dist_compiled_react-dom_1e674e59._.js:294:13)
    at http://localhost:3000/_next/static/chunks/node_modules_next_dist_compiled_5150ccfd._.js:391:33
    at Set.forEach (<anonymous>)
    at Object.performReactRefresh (http://localhost:3000/_next/static/chunks/node_modules_next_dist_compiled_5150ccfd._.js:384:38)
    at applyUpdate (http://localhost:3000/_next/static/chunks/node_modules_next_dist_compiled_5150ccfd._.js:878:31)
    at http://localhost:3000/_next/static/chunks/node_modules_next_dist_compiled_5150ccfd._.js:886:13
[  286801ms] TypeError: Cannot read properties of undefined (reading 'length')
    at accessRows (http://localhost:3000/_next/static/chunks/node_modules_%40tanstack_95b02b74._.js:3144:49)
    at http://localhost:3000/_next/static/chunks/node_modules_%40tanstack_95b02b74._.js:3171:29
    at Object._getCoreRowModel (http://localhost:3000/_next/static/chunks/node_modules_%40tanstack_95b02b74._.js:222:18)
    at Object.getCoreRowModel (http://localhost:3000/_next/static/chunks/node_modules_%40tanstack_95b02b74._.js:3028:26)
    at table.getPreFilteredRowModel (http://localhost:3000/_next/static/chunks/node_modules_%40tanstack_95b02b74._.js:962:50)
    at table.getFilteredRowModel (http://localhost:3000/_next/static/chunks/node_modules_%40tanstack_95b02b74._.js:968:30)
    at table.getPreGroupedRowModel (http://localhost:3000/_next/static/chunks/node_modules_%40tanstack_95b02b74._.js:1150:49)
    at table.getGroupedRowModel (http://localhost:3000/_next/static/chunks/node_modules_%40tanstack_95b02b74._.js:1156:30)
    at table.getPreSortedRowModel (http://localhost:3000/_next/static/chunks/node_modules_%40tanstack_95b02b74._.js:2913:48)
    at table.getSortedRowModel (http://localhost:3000/_next/static/chunks/node_modules_%40tanstack_95b02b74._.js:2919:30)
    at table.getPreExpandedRowModel (http://localhost:3000/_next/static/chunks/node_modules_%40tanstack_95b02b74._.js:1922:50)
    at table.getExpandedRowModel (http://localhost:3000/_next/static/chunks/node_modules_%40tanstack_95b02b74._.js:1928:30)
    at table.getPrePaginationRowModel (http://localhost:3000/_next/static/chunks/node_modules_%40tanstack_95b02b74._.js:2120:52)
    at table.getPaginationRowModel (http://localhost:3000/_next/static/chunks/node_modules_%40tanstack_95b02b74._.js:2126:30)
    at Object.getRowModel (http://localhost:3000/_next/static/chunks/node_modules_%40tanstack_95b02b74._.js:3033:26)
    at GridTable (http://localhost:3000/_next/static/chunks/src_components_grid_fe0f41b2._.js:1224:32)
    at Object.react_stack_bottom_frame (http://localhost:3000/_next/static/chunks/node_modules_next_dist_compiled_react-dom_1e674e59._.js:13072:24)
    at renderWithHooks (http://localhost:3000/_next/static/chunks/node_modules_next_dist_compiled_react-dom_1e674e59._.js:4091:24)
    at updateFunctionComponent (http://localhost:3000/_next/static/chunks/node_modules_next_dist_compiled_react-dom_1e674e59._.js:5523:21)
    at updateSimpleMemoComponent (http://localhost:3000/_next/static/chunks/node_modules_next_dist_compiled_react-dom_1e674e59._.js:5379:16)
    at updateMemoComponent (http://localhost:3000/_next/static/chunks/node_modules_next_dist_compiled_react-dom_1e674e59._.js:5354:302)
    at beginWork (http://localhost:3000/_next/static/chunks/node_modules_next_dist_compiled_react-dom_1e674e59._.js:6198:24)
    at runWithFiberInDEV (http://localhost:3000/_next/static/chunks/node_modules_next_dist_compiled_react-dom_1e674e59._.js:886:74)
    at performUnitOfWork (http://localhost:3000/_next/static/chunks/node_modules_next_dist_compiled_react-dom_1e674e59._.js:8298:97)
    at workLoopSync (http://localhost:3000/_next/static/chunks/node_modules_next_dist_compiled_react-dom_1e674e59._.js:8190:40)
    at renderRootSync (http://localhost:3000/_next/static/chunks/node_modules_next_dist_compiled_react-dom_1e674e59._.js:8173:13)
    at performWorkOnRoot (http://localhost:3000/_next/static/chunks/node_modules_next_dist_compiled_react-dom_1e674e59._.js:7932:56)
    at performSyncWorkOnRoot (http://localhost:3000/_next/static/chunks/node_modules_next_dist_compiled_react-dom_1e674e59._.js:8890:9)
    at flushSyncWorkAcrossRoots_impl (http://localhost:3000/_next/static/chunks/node_modules_next_dist_compiled_react-dom_1e674e59._.js:8809:316)
    at processRootScheduleInMicrotask (http://localhost:3000/_next/static/chunks/node_modules_next_dist_compiled_react-dom_1e674e59._.js:8829:106)
    at http://localhost:3000/_next/static/chunks/node_modules_next_dist_compiled_react-dom_1e674e59._.js:8901:158
[  287753ms] [WARNING] [Fast Refresh] performing full reload because your application had an unrecoverable error @ http://localhost:3000/_next/static/chunks/node_modules_next_dist_client_cf1d9188._.js:6282
[  290282ms] TypeError: Cannot read properties of undefined (reading 'length')
    at accessRows (http://localhost:3000/_next/static/chunks/node_modules_%40tanstack_95b02b74._.js:3144:49)
    at http://localhost:3000/_next/static/chunks/node_modules_%40tanstack_95b02b74._.js:3171:29
    at Object._getCoreRowModel (http://localhost:3000/_next/static/chunks/node_modules_%40tanstack_95b02b74._.js:222:18)
    at Object.getCoreRowModel (http://localhost:3000/_next/static/chunks/node_modules_%40tanstack_95b02b74._.js:3028:26)
    at table.getPreFilteredRowModel (http://localhost:3000/_next/static/chunks/node_modules_%40tanstack_95b02b74._.js:962:50)
    at table.getFilteredRowModel (http://localhost:3000/_next/static/chunks/node_modules_%40tanstack_95b02b74._.js:968:30)
    at table.getPreGroupedRowModel (http://localhost:3000/_next/static/chunks/node_modules_%40tanstack_95b02b74._.js:1150:49)
    at table.getGroupedRowModel (http://localhost:3000/_next/static/chunks/node_modules_%40tanstack_95b02b74._.js:1156:30)
    at table.getPreSortedRowModel (http://localhost:3000/_next/static/chunks/node_modules_%40tanstack_95b02b74._.js:2913:48)
    at table.getSortedRowModel (http://localhost:3000/_next/static/chunks/node_modules_%40tanstack_95b02b74._.js:2919:30)
    at table.getPreExpandedRowModel (http://localhost:3000/_next/static/chunks/node_modules_%40tanstack_95b02b74._.js:1922:50)
    at table.getExpandedRowModel (http://localhost:3000/_next/static/chunks/node_modules_%40tanstack_95b02b74._.js:1928:30)
    at table.getPrePaginationRowModel (http://localhost:3000/_next/static/chunks/node_modules_%40tanstack_95b02b74._.js:2120:52)
    at table.getPaginationRowModel (http://localhost:3000/_next/static/chunks/node_modules_%40tanstack_95b02b74._.js:2126:30)
    at Object.getRowModel (http://localhost:3000/_next/static/chunks/node_modules_%40tanstack_95b02b74._.js:3033:26)
    at GridTable (http://localhost:3000/_next/static/chunks/src_components_grid_fe0f41b2._.js:1224:32)
    at Object.react_stack_bottom_frame (http://localhost:3000/_next/static/chunks/node_modules_next_dist_compiled_react-dom_1e674e59._.js:13072:24)
    at renderWithHooks (http://localhost:3000/_next/static/chunks/node_modules_next_dist_compiled_react-dom_1e674e59._.js:4091:24)
    at updateFunctionComponent (http://localhost:3000/_next/static/chunks/node_modules_next_dist_compiled_react-dom_1e674e59._.js:5523:21)
    at updateSimpleMemoComponent (http://localhost:3000/_next/static/chunks/node_modules_next_dist_compiled_react-dom_1e674e59._.js:5379:16)
    at updateMemoComponent (http://localhost:3000/_next/static/chunks/node_modules_next_dist_compiled_react-dom_1e674e59._.js:5354:302)
    at beginWork (http://localhost:3000/_next/static/chunks/node_modules_next_dist_compiled_react-dom_1e674e59._.js:6198:24)
    at runWithFiberInDEV (http://localhost:3000/_next/static/chunks/node_modules_next_dist_compiled_react-dom_1e674e59._.js:886:74)
    at performUnitOfWork (http://localhost:3000/_next/static/chunks/node_modules_next_dist_compiled_react-dom_1e674e59._.js:8298:97)
    at workLoopSync (http://localhost:3000/_next/static/chunks/node_modules_next_dist_compiled_react-dom_1e674e59._.js:8190:40)
    at renderRootSync (http://localhost:3000/_next/static/chunks/node_modules_next_dist_compiled_react-dom_1e674e59._.js:8173:13)
    at performWorkOnRoot (http://localhost:3000/_next/static/chunks/node_modules_next_dist_compiled_react-dom_1e674e59._.js:7932:56)
    at performSyncWorkOnRoot (http://localhost:3000/_next/static/chunks/node_modules_next_dist_compiled_react-dom_1e674e59._.js:8890:9)
    at flushSyncWorkAcrossRoots_impl (http://localhost:3000/_next/static/chunks/node_modules_next_dist_compiled_react-dom_1e674e59._.js:8809:316)
    at processRootScheduleInMicrotask (http://localhost:3000/_next/static/chunks/node_modules_next_dist_compiled_react-dom_1e674e59._.js:8829:106)
    at http://localhost:3000/_next/static/chunks/node_modules_next_dist_compiled_react-dom_1e674e59._.js:8901:158
[  291796ms] [WARNING] [Fast Refresh] performing full reload because your application had an unrecoverable error @ http://localhost:3000/_next/static/chunks/node_modules_next_dist_client_cf1d9188._.js:6282
